<?xml version="1.0" encoding="UTF-8"?>
<testsuite name="ermolaeva.FavoritesTest" tests="2" skipped="0" failures="0" errors="0" timestamp="2023-08-28T18:58:02" hostname="LAPTOP-DCAA1O4K" time="17.236">
  <properties/>
  <testcase name="checkAdding" classname="ermolaeva.FavoritesTest" time="16.863"/>
  <testcase name="checkResult" classname="ermolaeva.FavoritesTest" time="0.373"/>
  <system-out><![CDATA[]]></system-out>
  <system-err><![CDATA[SLF4J: No SLF4J providers were found.
SLF4J: Defaulting to no-operation (NOP) logger implementation
SLF4J: See https://www.slf4j.org/codes.html#noProviders for further details.
авг. 28, 2023 9:58:09 PM org.openqa.selenium.devtools.CdpVersionFinder findNearestMatch
WARNING: Unable to find an exact match for CDP version 116, so returning the closest version found: 115
]]></system-err>
</testsuite>
